<?xml version="1.0" encoding="UTF-8"?>
<!-- Generated by org.testng.reporters.JUnitReportReporter -->
<testsuite hostname="DESKTOP-283CFFL" failures="0" tests="2" name="framework.Base" time="0.000" errors="0" timestamp="2025-01-04T02:20:50 IST" skipped="0">
  <testcase classname="framework.Base" name="sampleTest" time="0.000"/>
  <testcase classname="framework.Base" name="sampleTest2" time="0.000"/>
</testsuite> <!-- framework.Base -->
